<?xml version="1.0" encoding="UTF-8"?>
<testng-results skipped="0" failed="0" ignored="0" total="2" passed="2">
  <reporter-output>
  </reporter-output>
  <suite name="Surefire suite" duration-ms="30992" started-at="2021-08-24T21:32:04Z" finished-at="2021-08-24T21:32:35Z">
    <groups>
    </groups>
    <test name="Surefire test" duration-ms="30992" started-at="2021-08-24T21:32:04Z" finished-at="2021-08-24T21:32:35Z">
      <class name="utils.ExcelDateProvider">
        <test-method status="PASS" signature="setUp()[pri:0, instance:utils.ExcelDateProvider@5419f379]" name="setUp" is-config="true" duration-ms="105" started-at="2021-08-24T21:32:04Z" finished-at="2021-08-24T21:32:04Z">
          <reporter-output>
          </reporter-output>
        </test-method> <!-- setUp -->
        <test-method status="PASS" signature="setUpTest()[pri:0, instance:utils.ExcelDateProvider@5419f379]" name="setUpTest" is-config="true" duration-ms="7553" started-at="2021-08-24T21:32:04Z" finished-at="2021-08-24T21:32:12Z">
          <reporter-output>
          </reporter-output>
        </test-method> <!-- setUpTest -->
        <test-method status="PASS" signature="testLoginCorrect()[pri:0, instance:utils.ExcelDateProvider@5419f379]" name="testLoginCorrect" duration-ms="12054" started-at="2021-08-24T21:32:12Z" finished-at="2021-08-24T21:32:24Z">
          <reporter-output>
          </reporter-output>
        </test-method> <!-- testLoginCorrect -->
        <test-method status="PASS" signature="testLoginIncorrect()[pri:0, instance:utils.ExcelDateProvider@5419f379]" name="testLoginIncorrect" duration-ms="6804" started-at="2021-08-24T21:32:24Z" finished-at="2021-08-24T21:32:30Z">
          <reporter-output>
          </reporter-output>
        </test-method> <!-- testLoginIncorrect -->
        <test-method status="PASS" signature="tearDownTest()[pri:0, instance:utils.ExcelDateProvider@5419f379]" name="tearDownTest" is-config="true" duration-ms="4568" started-at="2021-08-24T21:32:30Z" finished-at="2021-08-24T21:32:35Z">
          <reporter-output>
          </reporter-output>
        </test-method> <!-- tearDownTest -->
        <test-method status="PASS" signature="tearDown()[pri:0, instance:utils.ExcelDateProvider@5419f379]" name="tearDown" is-config="true" duration-ms="200" started-at="2021-08-24T21:32:35Z" finished-at="2021-08-24T21:32:35Z">
          <reporter-output>
          </reporter-output>
        </test-method> <!-- tearDown -->
      </class> <!-- utils.ExcelDateProvider -->
    </test> <!-- Surefire test -->
  </suite> <!-- Surefire suite -->
</testng-results>
