<?xml version="1.0" encoding="UTF-8"?>
<testsuite xmlns:xsi="http://www.w3.org/2001/XMLSchema-instance" xsi:noNamespaceSchemaLocation="https://maven.apache.org/surefire/maven-surefire-plugin/xsd/surefire-test-report-3.0.xsd" version="3.0" name="utils.ExcelDateProvider" time="31.549" tests="2" errors="0" skipped="0" failures="0">
  <properties>
[...]
</properties>
  <testcase name="testLoginCorrect" classname="utils.ExcelDateProvider" time="12.026">
    <system-out><![CDATA[
Test Login correct ++++++++++++++++++++++++++++


*******************CURRENT URL https://opensource-demo.orangehrmlive.com/index.php/dashboard
]]></system-out>
    <system-err><![CDATA[1629840724938	geckodriver	INFO	Listening on 127.0.0.1:23212
1629840725548	mozrunner::runner	INFO	Running command: "C:\\Program Files\\Mozilla Firefox\\firefox.exe" "--marionette" "-foreground" "-no-remote" "-profile" "C:\\Users\\mega-pc\\AppData\\Local\\Temp\\rust_mozprofileyqFFtG"
1629840725860	Marionette	INFO	Marionette enabled
console.warn: SearchSettings: "get: No settings file exists, new profile?" (new NotFoundError("Could not open the file at C:\\Users\\mega-pc\\AppData\\Local\\Temp\\rust_mozprofileyqFFtG\\search.json.mozlz4", (void 0)))
1629840727904	Marionette	INFO	Listening on port 63641
Aug 24, 2021 10:32:08 PM org.openqa.selenium.remote.ProtocolHandshake createSession
INFO: Detected dialect: W3C
]]></system-err>
  </testcase>
  <testcase name="testLoginIncorrect" classname="utils.ExcelDateProvider" time="6.797">
    <system-out><![CDATA[
Test Login Incorrect ---------------------------
]]></system-out>
  </testcase>
</testsuite>