<?xml version="1.0" encoding="UTF-8"?>
<testng-results skipped="0" failed="0" ignored="0" total="2" passed="2">
  <reporter-output>
  </reporter-output>
  <suite name="Surefire suite" duration-ms="33009" started-at="2021-08-24T22:14:32Z" finished-at="2021-08-24T22:15:05Z">
    <groups>
    </groups>
    <test name="Surefire test" duration-ms="33009" started-at="2021-08-24T22:14:32Z" finished-at="2021-08-24T22:15:05Z">
      <class name="utils.ExcelDateProvider">
        <test-method status="PASS" signature="setUp()[pri:0, instance:utils.ExcelDateProvider@5419f379]" name="setUp" is-config="true" duration-ms="110" started-at="2021-08-24T22:14:32Z" finished-at="2021-08-24T22:14:32Z">
          <reporter-output>
          </reporter-output>
        </test-method> <!-- setUp -->
        <test-method status="PASS" signature="setUpTest()[pri:0, instance:utils.ExcelDateProvider@5419f379]" name="setUpTest" is-config="true" duration-ms="8995" started-at="2021-08-24T22:14:32Z" finished-at="2021-08-24T22:14:41Z">
          <reporter-output>
          </reporter-output>
        </test-method> <!-- setUpTest -->
        <test-method status="PASS" signature="testLoginCorrect()[pri:0, instance:utils.ExcelDateProvider@5419f379]" name="testLoginCorrect" duration-ms="12154" started-at="2021-08-24T22:14:41Z" finished-at="2021-08-24T22:14:53Z">
          <reporter-output>
          </reporter-output>
        </test-method> <!-- testLoginCorrect -->
        <test-method status="PASS" signature="testLoginIncorrect()[pri:0, instance:utils.ExcelDateProvider@5419f379]" name="testLoginIncorrect" duration-ms="7289" started-at="2021-08-24T22:14:53Z" finished-at="2021-08-24T22:15:01Z">
          <reporter-output>
          </reporter-output>
        </test-method> <!-- testLoginIncorrect -->
        <test-method status="PASS" signature="tearDownTest()[pri:0, instance:utils.ExcelDateProvider@5419f379]" name="tearDownTest" is-config="true" duration-ms="4558" started-at="2021-08-24T22:15:01Z" finished-at="2021-08-24T22:15:05Z">
          <reporter-output>
          </reporter-output>
        </test-method> <!-- tearDownTest -->
        <test-method status="PASS" signature="tearDown()[pri:0, instance:utils.ExcelDateProvider@5419f379]" name="tearDown" is-config="true" duration-ms="185" started-at="2021-08-24T22:15:05Z" finished-at="2021-08-24T22:15:05Z">
          <reporter-output>
          </reporter-output>
        </test-method> <!-- tearDown -->
      </class> <!-- utils.ExcelDateProvider -->
    </test> <!-- Surefire test -->
  </suite> <!-- Surefire suite -->
</testng-results>
