<?xml version="1.0" encoding="UTF-8"?>
<testng-results ignored="0" total="2" passed="2" failed="0" skipped="0">
  <reporter-output>
  </reporter-output>
  <suite started-at="2021-08-24T22:30:14 BST" name="Default suite" finished-at="2021-08-24T22:30:44 BST" duration-ms="30093">
    <groups>
    </groups>
    <test started-at="2021-08-24T22:30:14 BST" name="Default test" finished-at="2021-08-24T22:30:44 BST" duration-ms="30093">
      <class name="utils.ExcelDateProvider">
        <test-method is-config="true" signature="setUp()[pri:0, instance:utils.ExcelDateProvider@6f10d5b6]" started-at="2021-08-24T22:30:14 BST" name="setUp" finished-at="2021-08-24T22:30:14 BST" duration-ms="113" status="PASS">
          <reporter-output>
          </reporter-output>
        </test-method> <!-- setUp -->
        <test-method is-config="true" signature="setUpTest()[pri:0, instance:utils.ExcelDateProvider@6f10d5b6]" started-at="2021-08-24T22:30:14 BST" name="setUpTest" finished-at="2021-08-24T22:30:21 BST" duration-ms="7042" status="PASS">
          <reporter-output>
          </reporter-output>
        </test-method> <!-- setUpTest -->
        <test-method signature="testLoginCorrect()[pri:0, instance:utils.ExcelDateProvider@6f10d5b6]" started-at="2021-08-24T22:30:21 BST" name="testLoginCorrect" finished-at="2021-08-24T22:30:33 BST" duration-ms="11821" status="PASS">
          <reporter-output>
          </reporter-output>
        </test-method> <!-- testLoginCorrect -->
        <test-method signature="testLoginIncorrect()[pri:0, instance:utils.ExcelDateProvider@6f10d5b6]" started-at="2021-08-24T22:30:33 BST" name="testLoginIncorrect" finished-at="2021-08-24T22:30:40 BST" duration-ms="6690" status="PASS">
          <reporter-output>
          </reporter-output>
        </test-method> <!-- testLoginIncorrect -->
        <test-method is-config="true" signature="tearDownTest()[pri:0, instance:utils.ExcelDateProvider@6f10d5b6]" started-at="2021-08-24T22:30:40 BST" name="tearDownTest" finished-at="2021-08-24T22:30:44 BST" duration-ms="4518" status="PASS">
          <reporter-output>
          </reporter-output>
        </test-method> <!-- tearDownTest -->
        <test-method is-config="true" signature="tearDown()[pri:0, instance:utils.ExcelDateProvider@6f10d5b6]" started-at="2021-08-24T22:30:44 BST" name="tearDown" finished-at="2021-08-24T22:30:44 BST" duration-ms="206" status="PASS">
          <reporter-output>
          </reporter-output>
        </test-method> <!-- tearDown -->
      </class> <!-- utils.ExcelDateProvider -->
    </test> <!-- Default test -->
  </suite> <!-- Default suite -->
</testng-results>
